TN:
SF:src/modules/permissions/services/CreatePermissionService.ts
FN:13,(anonymous_18)
FN:14,CreatePermissionService
FN:19,(anonymous_20)
FNF:3
FNH:3
FNDA:1,(anonymous_18)
FNDA:2,CreatePermissionService
FNDA:2,(anonymous_20)
DA:1,1
DA:2,1
DA:13,1
DA:16,2
DA:19,2
DA:20,2
DA:21,1
DA:24,1
DA:26,1
DA:28,1
DA:30,1
LF:11
LH:11
BRDA:20,0,0,1
BRDA:20,0,1,1
BRDA:20,1,0,2
BRDA:20,1,1,1
BRF:4
BRH:4
end_of_record
TN:
SF:src/modules/role_permissions/services/CreateRolePermissionService.ts
FN:16,(anonymous_18)
FN:17,CreateRolePermissionService
FN:28,(anonymous_20)
FNF:3
FNH:3
FNDA:1,(anonymous_18)
FNDA:3,CreateRolePermissionService
FNDA:3,(anonymous_20)
DA:1,1
DA:2,1
DA:16,1
DA:19,3
DA:22,3
DA:25,3
DA:28,3
DA:29,3
DA:31,3
DA:32,1
DA:35,2
DA:37,2
DA:38,1
DA:41,1
DA:43,1
DA:45,1
DA:47,1
LF:17
LH:17
BRDA:29,0,0,3
BRDA:31,1,0,1
BRDA:31,1,1,2
BRDA:37,2,0,1
BRDA:37,2,1,1
BRF:5
BRH:5
end_of_record
TN:
SF:src/modules/roles/services/CreateRoleService.ts
FN:12,(anonymous_18)
FN:13,CreateRoleService
FN:18,(anonymous_20)
FNF:3
FNH:3
FNDA:1,(anonymous_18)
FNDA:2,CreateRoleService
FNDA:2,(anonymous_20)
DA:1,1
DA:2,1
DA:12,1
DA:15,2
DA:18,2
DA:19,2
DA:20,1
DA:23,1
DA:25,1
DA:27,1
DA:29,1
LF:11
LH:11
BRDA:19,0,0,1
BRDA:19,0,1,1
BRF:2
BRH:2
end_of_record
